2025-06-04 14:23:47 - INFO - Création de scriptFiles\tireurs.csv
2025-06-04 14:23:47 - INFO - Création de scriptFiles\concours.csv
2025-06-04 14:23:47 - INFO - Création de scriptFiles\recompenses.csv
2025-06-04 14:23:47 - INFO - Création de scriptFiles\resultats.csv
2025-06-04 14:24:30 - INFO - Tireur Corpataux César ajouté.
2025-06-04 14:24:35 - INFO - Concours tir en campagn3 créé.
2025-06-04 14:24:57 - INFO - Concours tir en campagne créé.
2025-06-04 14:25:33 - INFO - Résultat ajouté : 0114, tir en campagne, 57, médaille
2025-06-04 14:25:37 - INFO - Page HTML générée pour Corpataux César
2025-06-04 14:30:12 - INFO - Page HTML générée pour Corpataux César
2025-06-04 14:46:36 - INFO - Tireur test tessst ajouté.
2025-06-04 14:46:49 - INFO - Page HTML générée : D:\pagesTireurs\tireur_0000.html
2025-06-04 14:47:58 - INFO - Page HTML générée : \pagesTireurs\tireur_0000.html
2025-06-04 14:48:40 - INFO - Page HTML générée : .\pagesTireurs\tireur_0000.html
2025-06-04 14:48:50 - INFO - Page HTML générée : .\pagesTireurs\tireur_0114.html
2025-06-04 14:50:43 - INFO - Page HTML générée : .\pagesTireurs\tireur_0114.html
2025-06-04 14:50:51 - INFO - Page HTML générée : .\pagesTireurs\tireur_0000.html
2025-06-04 15:14:06 - INFO - Page HTML générée : .\pagesTireurs\tireur_0114.html
2025-06-04 15:14:44 - INFO - Page HTML générée : .\pagesTireurs\tireur_0114.html
2025-06-04 15:15:12 - INFO - Page HTML générée : .\pagesTireurs\tireur_0114.html
2025-06-04 15:15:12 - INFO - Page d'accueil HTML générée.
2025-06-04 15:17:41 - INFO - Page HTML générée : .\pagesTireurs\tireur_0114.html
2025-06-04 15:17:41 - INFO - Page d'accueil HTML générée.
2025-06-04 15:32:11 - INFO - Page HTML générée : .\pagesTireurs\tireur_0114.html
2025-06-04 15:32:12 - INFO - Page d'accueil HTML générée.
2025-06-04 15:32:12 - INFO - Page HTML Acceuil générée : 
2025-06-04 15:36:02 - INFO - Page HTML générée : Z:\www\pagesTireurs\tireur_0114.html
2025-06-04 15:36:02 - INFO - Page d'accueil HTML générée.
2025-06-04 15:36:02 - INFO - Page HTML Acceuil générée : 
2025-06-04 15:43:27 - INFO - Page HTML générée : Z:\www\pagesTireurs\tireur_0114.html
2025-06-04 15:43:27 - INFO - Page d'accueil HTML générée.
2025-06-04 15:43:27 - INFO - Page HTML Acceuil générée : 
2025-06-04 15:43:54 - INFO - Page HTML générée : Z:\www\pagesTireurs\tireur_0114.html
2025-06-04 15:43:54 - INFO - Page d'accueil HTML générée.
2025-06-04 15:43:54 - INFO - Page HTML Acceuil générée : 
2025-06-04 15:44:27 - INFO - Page HTML générée : Z:\www\tireur_0114.html
2025-06-04 15:44:27 - INFO - Page d'accueil HTML générée.
2025-06-04 15:44:27 - INFO - Page HTML Acceuil générée : 
2025-06-04 15:49:22 - INFO - Page HTML générée : Z:\www\tireur_0114.html
2025-06-04 15:49:23 - INFO - Page d'accueil HTML générée.
2025-06-04 15:49:23 - INFO - Page HTML Acceuil générée : 
2025-06-04 15:49:34 - INFO - Page HTML générée : Z:\www\tireur_0000.html
2025-06-04 15:49:34 - INFO - Page d'accueil HTML générée.
2025-06-04 15:49:34 - INFO - Page HTML Acceuil générée : 
